Performing C SOURCE FILE Test CMAKE_HAVE_LIBC_PTHREAD failed with the following output:
Change Dir: /home/maxim/projects/east/CMakeFiles/CMakeTmp

Run Build Command(s):/usr/bin/make -f Makefile cmTC_84fae/fast && /usr/bin/make  -f CMakeFiles/cmTC_84fae.dir/build.make CMakeFiles/cmTC_84fae.dir/build
make[1]: Entering directory '/home/maxim/projects/east/CMakeFiles/CMakeTmp'
Building C object CMakeFiles/cmTC_84fae.dir/src.c.o
/usr/bin/cc -DCMAKE_HAVE_LIBC_PTHREAD   -o CMakeFiles/cmTC_84fae.dir/src.c.o -c /home/maxim/projects/east/CMakeFiles/CMakeTmp/src.c
Linking C executable cmTC_84fae
/usr/local/bin/cmake -E cmake_link_script CMakeFiles/cmTC_84fae.dir/link.txt --verbose=1
/usr/bin/cc CMakeFiles/cmTC_84fae.dir/src.c.o -o cmTC_84fae 
CMakeFiles/cmTC_84fae.dir/src.c.o: In function `main':
src.c:(.text+0x3c): undefined reference to `pthread_create'
src.c:(.text+0x48): undefined reference to `pthread_detach'
src.c:(.text+0x54): undefined reference to `pthread_cancel'
src.c:(.text+0x65): undefined reference to `pthread_join'
src.c:(.text+0x79): undefined reference to `pthread_atfork'
collect2: error: ld returned 1 exit status
CMakeFiles/cmTC_84fae.dir/build.make:98: recipe for target 'cmTC_84fae' failed
make[1]: *** [cmTC_84fae] Error 1
make[1]: Leaving directory '/home/maxim/projects/east/CMakeFiles/CMakeTmp'
Makefile:127: recipe for target 'cmTC_84fae/fast' failed
make: *** [cmTC_84fae/fast] Error 2


Source file was:
#include <pthread.h>

static void* test_func(void* data)
{
  return data;
}

int main(void)
{
  pthread_t thread;
  pthread_create(&thread, NULL, test_func, NULL);
  pthread_detach(thread);
  pthread_cancel(thread);
  pthread_join(thread, NULL);
  pthread_atfork(NULL, NULL, NULL);
  pthread_exit(NULL);

  return 0;
}

